Base path: C:/Users/Guy.Goudeau/Desktop/Unity5.3.1f1/Editor/Data
Cmd: getPlatforms
Cmd: compileSnippet
  api=5 type=0 insize=877 outsize=12917 kw=DIRECTIONAL SHADOWS_SCREEN LIGHTMAP_OFF DIRLIGHTMAP_OFF DYNAMICLIGHTMAP_OFF _ALPHAPREMULTIPLY_ON pd=UNITY_NO_LINEAR_COLORSPACE UNITY_ENABLE_REFLECTION_BUFFERS UNITY_FRAMEBUFFER_FETCH_AVAILABLE UNITY_PBS_USE_BRDF1 UNITY_SPECCUBE_BOX_PROJECTION UNITY_SPECCUBE_BLENDING UNITY_53_SPECIFIC_TARGET_WEBGL SHADER_API_MOBILE SHADER_API_DESKTOP ok=1
Cmd: compileSnippet
  api=5 type=1 insize=877 outsize=0 kw=DIRECTIONAL SHADOWS_SCREEN LIGHTMAP_OFF DIRLIGHTMAP_OFF DYNAMICLIGHTMAP_OFF _ALPHAPREMULTIPLY_ON pd=UNITY_NO_LINEAR_COLORSPACE UNITY_ENABLE_REFLECTION_BUFFERS UNITY_FRAMEBUFFER_FETCH_AVAILABLE UNITY_PBS_USE_BRDF1 UNITY_SPECCUBE_BOX_PROJECTION UNITY_SPECCUBE_BLENDING UNITY_53_SPECIFIC_TARGET_WEBGL SHADER_API_MOBILE SHADER_API_DESKTOP ok=1
Cmd: compileSnippet
  api=5 type=0 insize=808 outsize=7679 kw=DIRECTIONAL_COOKIE SHADOWS_OFF pd=UNITY_NO_LINEAR_COLORSPACE UNITY_ENABLE_REFLECTION_BUFFERS UNITY_FRAMEBUFFER_FETCH_AVAILABLE UNITY_PBS_USE_BRDF1 UNITY_SPECCUBE_BOX_PROJECTION UNITY_SPECCUBE_BLENDING UNITY_53_SPECIFIC_TARGET_WEBGL SHADER_API_MOBILE SHADER_API_DESKTOP ok=1
Cmd: compileSnippet
  api=5 type=0 insize=808 outsize=8254 kw=DIRECTIONAL_COOKIE SHADOWS_SCREEN pd=UNITY_NO_LINEAR_COLORSPACE UNITY_ENABLE_REFLECTION_BUFFERS UNITY_FRAMEBUFFER_FETCH_AVAILABLE UNITY_PBS_USE_BRDF1 UNITY_SPECCUBE_BOX_PROJECTION UNITY_SPECCUBE_BLENDING UNITY_53_SPECIFIC_TARGET_WEBGL SHADER_API_MOBILE SHADER_API_DESKTOP ok=1
Cmd: compileSnippet
  api=5 type=0 insize=808 outsize=8145 kw=POINT_COOKIE SHADOWS_OFF _ALPHAPREMULTIPLY_ON pd=UNITY_NO_LINEAR_COLORSPACE UNITY_ENABLE_REFLECTION_BUFFERS UNITY_FRAMEBUFFER_FETCH_AVAILABLE UNITY_PBS_USE_BRDF1 UNITY_SPECCUBE_BOX_PROJECTION UNITY_SPECCUBE_BLENDING UNITY_53_SPECIFIC_TARGET_WEBGL SHADER_API_MOBILE SHADER_API_DESKTOP ok=1
Cmd: compileSnippet
  api=5 type=0 insize=808 outsize=8342 kw=DIRECTIONAL_COOKIE SHADOWS_SCREEN _ALPHAPREMULTIPLY_ON pd=UNITY_NO_LINEAR_COLORSPACE UNITY_ENABLE_REFLECTION_BUFFERS UNITY_FRAMEBUFFER_FETCH_AVAILABLE UNITY_PBS_USE_BRDF1 UNITY_SPECCUBE_BOX_PROJECTION UNITY_SPECCUBE_BLENDING UNITY_53_SPECIFIC_TARGET_WEBGL SHADER_API_MOBILE SHADER_API_DESKTOP ok=1
Cmd: compileSnippet
  api=5 type=1 insize=808 outsize=0 kw=SPOT SHADOWS_OFF pd=UNITY_NO_LINEAR_COLORSPACE UNITY_ENABLE_REFLECTION_BUFFERS UNITY_FRAMEBUFFER_FETCH_AVAILABLE UNITY_PBS_USE_BRDF1 UNITY_SPECCUBE_BOX_PROJECTION UNITY_SPECCUBE_BLENDING UNITY_53_SPECIFIC_TARGET_WEBGL SHADER_API_MOBILE SHADER_API_DESKTOP ok=1
Cmd: compileSnippet
  api=5 type=1 insize=808 outsize=0 kw=DIRECTIONAL SHADOWS_SCREEN pd=UNITY_NO_LINEAR_COLORSPACE UNITY_ENABLE_REFLECTION_BUFFERS UNITY_FRAMEBUFFER_FETCH_AVAILABLE UNITY_PBS_USE_BRDF1 UNITY_SPECCUBE_BOX_PROJECTION UNITY_SPECCUBE_BLENDING UNITY_53_SPECIFIC_TARGET_WEBGL SHADER_API_MOBILE SHADER_API_DESKTOP ok=1
Cmd: compileSnippet
  api=5 type=1 insize=808 outsize=0 kw=SPOT SHADOWS_OFF _ALPHAPREMULTIPLY_ON pd=UNITY_NO_LINEAR_COLORSPACE UNITY_ENABLE_REFLECTION_BUFFERS UNITY_FRAMEBUFFER_FETCH_AVAILABLE UNITY_PBS_USE_BRDF1 UNITY_SPECCUBE_BOX_PROJECTION UNITY_SPECCUBE_BLENDING UNITY_53_SPECIFIC_TARGET_WEBGL SHADER_API_MOBILE SHADER_API_DESKTOP ok=1
Cmd: compileSnippet
  api=5 type=1 insize=808 outsize=0 kw=DIRECTIONAL SHADOWS_SCREEN _ALPHAPREMULTIPLY_ON pd=UNITY_NO_LINEAR_COLORSPACE UNITY_ENABLE_REFLECTION_BUFFERS UNITY_FRAMEBUFFER_FETCH_AVAILABLE UNITY_PBS_USE_BRDF1 UNITY_SPECCUBE_BOX_PROJECTION UNITY_SPECCUBE_BLENDING UNITY_53_SPECIFIC_TARGET_WEBGL SHADER_API_MOBILE SHADER_API_DESKTOP ok=1
Cmd: compileSnippet
  api=5 type=0 insize=600 outsize=1353 kw=SHADOWS_CUBE _ALPHAPREMULTIPLY_ON pd=UNITY_NO_LINEAR_COLORSPACE UNITY_ENABLE_REFLECTION_BUFFERS UNITY_FRAMEBUFFER_FETCH_AVAILABLE UNITY_PBS_USE_BRDF1 UNITY_SPECCUBE_BOX_PROJECTION UNITY_SPECCUBE_BLENDING UNITY_53_SPECIFIC_TARGET_WEBGL SHADER_API_MOBILE SHADER_API_DESKTOP ok=1
Cmd: compileSnippet
  api=5 type=1 insize=600 outsize=0 kw=SHADOWS_CUBE _ALPHAPREMULTIPLY_ON pd=UNITY_NO_LINEAR_COLORSPACE UNITY_ENABLE_REFLECTION_BUFFERS UNITY_FRAMEBUFFER_FETCH_AVAILABLE UNITY_PBS_USE_BRDF1 UNITY_SPECCUBE_BOX_PROJECTION UNITY_SPECCUBE_BLENDING UNITY_53_SPECIFIC_TARGET_WEBGL SHADER_API_MOBILE SHADER_API_DESKTOP ok=1
Cmd: compileSnippet
  api=5 type=0 insize=4597 outsize=4240 kw=SPOT pd=UNITY_NO_DXT5nm UNITY_NO_LINEAR_COLORSPACE UNITY_ENABLE_REFLECTION_BUFFERS UNITY_FRAMEBUFFER_FETCH_AVAILABLE UNITY_PBS_USE_BRDF1 UNITY_SPECCUBE_BOX_PROJECTION UNITY_SPECCUBE_BLENDING UNITY_53_SPECIFIC_TARGET_WEBGL SHADER_API_MOBILE SHADER_API_DESKTOP ok=1
Cmd: compileSnippet
  api=5 type=0 insize=3695 outsize=3146 kw=SPOT pd=UNITY_NO_DXT5nm UNITY_NO_LINEAR_COLORSPACE UNITY_ENABLE_REFLECTION_BUFFERS UNITY_FRAMEBUFFER_FETCH_AVAILABLE UNITY_PBS_USE_BRDF1 UNITY_SPECCUBE_BOX_PROJECTION UNITY_SPECCUBE_BLENDING UNITY_53_SPECIFIC_TARGET_WEBGL SHADER_API_MOBILE SHADER_API_DESKTOP ok=1
Cmd: compileSnippet
  api=5 type=1 insize=3695 outsize=0 kw=POINT_COOKIE pd=UNITY_NO_DXT5nm UNITY_NO_LINEAR_COLORSPACE UNITY_ENABLE_REFLECTION_BUFFERS UNITY_FRAMEBUFFER_FETCH_AVAILABLE UNITY_PBS_USE_BRDF1 UNITY_SPECCUBE_BOX_PROJECTION UNITY_SPECCUBE_BLENDING UNITY_53_SPECIFIC_TARGET_WEBGL SHADER_API_MOBILE SHADER_API_DESKTOP ok=1
Cmd: compileSnippet
  api=5 type=1 insize=5700 outsize=0 kw=LIGHTMAP_OFF DIRLIGHTMAP_OFF DYNAMICLIGHTMAP_OFF UNITY_HDR_ON pd=UNITY_NO_DXT5nm UNITY_NO_LINEAR_COLORSPACE UNITY_ENABLE_REFLECTION_BUFFERS UNITY_FRAMEBUFFER_FETCH_AVAILABLE UNITY_PBS_USE_BRDF1 UNITY_SPECCUBE_BOX_PROJECTION UNITY_SPECCUBE_BLENDING UNITY_53_SPECIFIC_TARGET_WEBGL SHADER_API_MOBILE SHADER_API_DESKTOP ok=1
Cmd: compileSnippet
  api=5 type=0 insize=1275 outsize=3899 kw=POINT_COOKIE SHADOWS_OFF pd=UNITY_NO_DXT5nm UNITY_NO_LINEAR_COLORSPACE UNITY_ENABLE_REFLECTION_BUFFERS UNITY_FRAMEBUFFER_FETCH_AVAILABLE UNITY_PBS_USE_BRDF1 UNITY_SPECCUBE_BOX_PROJECTION UNITY_SPECCUBE_BLENDING UNITY_53_SPECIFIC_TARGET_WEBGL SHADER_API_MOBILE SHADER_API_DESKTOP ok=1
Cmd: compileSnippet
  api=5 type=0 insize=1275 outsize=4497 kw=POINT_COOKIE SHADOWS_CUBE pd=UNITY_NO_DXT5nm UNITY_NO_LINEAR_COLORSPACE UNITY_ENABLE_REFLECTION_BUFFERS UNITY_FRAMEBUFFER_FETCH_AVAILABLE UNITY_PBS_USE_BRDF1 UNITY_SPECCUBE_BOX_PROJECTION UNITY_SPECCUBE_BLENDING UNITY_53_SPECIFIC_TARGET_WEBGL SHADER_API_MOBILE SHADER_API_DESKTOP ok=1
Cmd: compileSnippet
  api=5 type=1 insize=1275 outsize=0 kw=SPOT SHADOWS_OFF pd=UNITY_NO_DXT5nm UNITY_NO_LINEAR_COLORSPACE UNITY_ENABLE_REFLECTION_BUFFERS UNITY_FRAMEBUFFER_FETCH_AVAILABLE UNITY_PBS_USE_BRDF1 UNITY_SPECCUBE_BOX_PROJECTION UNITY_SPECCUBE_BLENDING UNITY_53_SPECIFIC_TARGET_WEBGL SHADER_API_MOBILE SHADER_API_DESKTOP ok=1
Cmd: compileSnippet
  api=5 type=1 insize=1275 outsize=0 kw=DIRECTIONAL SHADOWS_SCREEN pd=UNITY_NO_DXT5nm UNITY_NO_LINEAR_COLORSPACE UNITY_ENABLE_REFLECTION_BUFFERS UNITY_FRAMEBUFFER_FETCH_AVAILABLE UNITY_PBS_USE_BRDF1 UNITY_SPECCUBE_BOX_PROJECTION UNITY_SPECCUBE_BLENDING UNITY_53_SPECIFIC_TARGET_WEBGL SHADER_API_MOBILE SHADER_API_DESKTOP ok=1
Cmd: compileSnippet
  api=5 type=1 insize=1275 outsize=0 kw=POINT SHADOWS_CUBE SHADOWS_SOFT pd=UNITY_NO_DXT5nm UNITY_NO_LINEAR_COLORSPACE UNITY_ENABLE_REFLECTION_BUFFERS UNITY_FRAMEBUFFER_FETCH_AVAILABLE UNITY_PBS_USE_BRDF1 UNITY_SPECCUBE_BOX_PROJECTION UNITY_SPECCUBE_BLENDING UNITY_53_SPECIFIC_TARGET_WEBGL SHADER_API_MOBILE SHADER_API_DESKTOP ok=1
Cmd: compileSnippet
  api=5 type=0 insize=1268 outsize=4873 kw=SPOT SHADOWS_DEPTH SHADOWS_NONATIVE pd=UNITY_NO_DXT5nm UNITY_NO_LINEAR_COLORSPACE UNITY_ENABLE_REFLECTION_BUFFERS UNITY_FRAMEBUFFER_FETCH_AVAILABLE UNITY_PBS_USE_BRDF1 UNITY_SPECCUBE_BOX_PROJECTION UNITY_SPECCUBE_BLENDING UNITY_53_SPECIFIC_TARGET_WEBGL SHADER_API_MOBILE SHADER_API_DESKTOP ok=1
Cmd: compileSnippet
  api=5 type=0 insize=1268 outsize=5955 kw=SPOT SHADOWS_DEPTH SHADOWS_SOFT SHADOWS_NONATIVE pd=UNITY_NO_DXT5nm UNITY_NO_LINEAR_COLORSPACE UNITY_ENABLE_REFLECTION_BUFFERS UNITY_FRAMEBUFFER_FETCH_AVAILABLE UNITY_PBS_USE_BRDF1 UNITY_SPECCUBE_BOX_PROJECTION UNITY_SPECCUBE_BLENDING UNITY_53_SPECIFIC_TARGET_WEBGL SHADER_API_MOBILE SHADER_API_DESKTOP ok=1
Cmd: compileSnippet
  api=5 type=1 insize=1268 outsize=0 kw=POINT_COOKIE SHADOWS_OFF pd=UNITY_NO_DXT5nm UNITY_NO_LINEAR_COLORSPACE UNITY_ENABLE_REFLECTION_BUFFERS UNITY_FRAMEBUFFER_FETCH_AVAILABLE UNITY_PBS_USE_BRDF1 UNITY_SPECCUBE_BOX_PROJECTION UNITY_SPECCUBE_BLENDING UNITY_53_SPECIFIC_TARGET_WEBGL SHADER_API_MOBILE SHADER_API_DESKTOP ok=1
Cmd: compileSnippet
  api=5 type=1 insize=1268 outsize=0 kw=DIRECTIONAL_COOKIE SHADOWS_SCREEN pd=UNITY_NO_DXT5nm UNITY_NO_LINEAR_COLORSPACE UNITY_ENABLE_REFLECTION_BUFFERS UNITY_FRAMEBUFFER_FETCH_AVAILABLE UNITY_PBS_USE_BRDF1 UNITY_SPECCUBE_BOX_PROJECTION UNITY_SPECCUBE_BLENDING UNITY_53_SPECIFIC_TARGET_WEBGL SHADER_API_MOBILE SHADER_API_DESKTOP ok=1
Cmd: compileSnippet
  api=5 type=1 insize=1268 outsize=0 kw=SPOT SHADOWS_DEPTH SHADOWS_SOFT SHADOWS_NATIVE pd=UNITY_NO_DXT5nm UNITY_NO_LINEAR_COLORSPACE UNITY_ENABLE_REFLECTION_BUFFERS UNITY_FRAMEBUFFER_FETCH_AVAILABLE UNITY_PBS_USE_BRDF1 UNITY_SPECCUBE_BOX_PROJECTION UNITY_SPECCUBE_BLENDING UNITY_53_SPECIFIC_TARGET_WEBGL SHADER_API_MOBILE SHADER_API_DESKTOP ok=1
Cmd: compileSnippet
  api=5 type=0 insize=1273 outsize=4878 kw=SPOT SHADOWS_DEPTH SHADOWS_NONATIVE pd=UNITY_NO_DXT5nm UNITY_NO_LINEAR_COLORSPACE UNITY_ENABLE_REFLECTION_BUFFERS UNITY_FRAMEBUFFER_FETCH_AVAILABLE UNITY_PBS_USE_BRDF1 UNITY_SPECCUBE_BOX_PROJECTION UNITY_SPECCUBE_BLENDING UNITY_53_SPECIFIC_TARGET_WEBGL SHADER_API_MOBILE SHADER_API_DESKTOP ok=1
Cmd: compileSnippet
  api=5 type=0 insize=1273 outsize=3978 kw=DIRECTIONAL_COOKIE SHADOWS_SCREEN pd=UNITY_NO_DXT5nm UNITY_NO_LINEAR_COLORSPACE UNITY_ENABLE_REFLECTION_BUFFERS UNITY_FRAMEBUFFER_FETCH_AVAILABLE UNITY_PBS_USE_BRDF1 UNITY_SPECCUBE_BOX_PROJECTION UNITY_SPECCUBE_BLENDING UNITY_53_SPECIFIC_TARGET_WEBGL SHADER_API_MOBILE SHADER_API_DESKTOP ok=1
Cmd: compileSnippet
  api=5 type=0 insize=1273 outsize=5728 kw=SPOT SHADOWS_DEPTH SHADOWS_SOFT SHADOWS_NATIVE pd=UNITY_NO_DXT5nm UNITY_NO_LINEAR_COLORSPACE UNITY_ENABLE_REFLECTION_BUFFERS UNITY_FRAMEBUFFER_FETCH_AVAILABLE UNITY_PBS_USE_BRDF1 UNITY_SPECCUBE_BOX_PROJECTION UNITY_SPECCUBE_BLENDING UNITY_53_SPECIFIC_TARGET_WEBGL SHADER_API_MOBILE SHADER_API_DESKTOP ok=1
Cmd: compileSnippet
  api=5 type=1 insize=1273 outsize=0 kw=DIRECTIONAL_COOKIE SHADOWS_OFF pd=UNITY_NO_DXT5nm UNITY_NO_LINEAR_COLORSPACE UNITY_ENABLE_REFLECTION_BUFFERS UNITY_FRAMEBUFFER_FETCH_AVAILABLE UNITY_PBS_USE_BRDF1 UNITY_SPECCUBE_BOX_PROJECTION UNITY_SPECCUBE_BLENDING UNITY_53_SPECIFIC_TARGET_WEBGL SHADER_API_MOBILE SHADER_API_DESKTOP ok=1
Cmd: compileSnippet
  api=5 type=1 insize=1273 outsize=0 kw=POINT_COOKIE SHADOWS_CUBE pd=UNITY_NO_DXT5nm UNITY_NO_LINEAR_COLORSPACE UNITY_ENABLE_REFLECTION_BUFFERS UNITY_FRAMEBUFFER_FETCH_AVAILABLE UNITY_PBS_USE_BRDF1 UNITY_SPECCUBE_BOX_PROJECTION UNITY_SPECCUBE_BLENDING UNITY_53_SPECIFIC_TARGET_WEBGL SHADER_API_MOBILE SHADER_API_DESKTOP ok=1
Cmd: compileSnippet
  api=5 type=0 insize=1934 outsize=5423 kw=POINT_COOKIE SHADOWS_OFF pd=UNITY_NO_DXT5nm UNITY_NO_LINEAR_COLORSPACE UNITY_ENABLE_REFLECTION_BUFFERS UNITY_FRAMEBUFFER_FETCH_AVAILABLE UNITY_PBS_USE_BRDF1 UNITY_SPECCUBE_BOX_PROJECTION UNITY_SPECCUBE_BLENDING UNITY_53_SPECIFIC_TARGET_WEBGL SHADER_API_MOBILE SHADER_API_DESKTOP ok=1
Cmd: compileSnippet
  api=5 type=0 insize=1934 outsize=7708 kw=SPOT SHADOWS_DEPTH SHADOWS_SOFT SHADOWS_NONATIVE pd=UNITY_NO_DXT5nm UNITY_NO_LINEAR_COLORSPACE UNITY_ENABLE_REFLECTION_BUFFERS UNITY_FRAMEBUFFER_FETCH_AVAILABLE UNITY_PBS_USE_BRDF1 UNITY_SPECCUBE_BOX_PROJECTION UNITY_SPECCUBE_BLENDING UNITY_53_SPECIFIC_TARGET_WEBGL SHADER_API_MOBILE SHADER_API_DESKTOP ok=1
Cmd: compileSnippet
  api=5 type=0 insize=1934 outsize=5455 kw=SPOT SHADOWS_OFF UNITY_HDR_ON pd=UNITY_NO_DXT5nm UNITY_NO_LINEAR_COLORSPACE UNITY_ENABLE_REFLECTION_BUFFERS UNITY_FRAMEBUFFER_FETCH_AVAILABLE UNITY_PBS_USE_BRDF1 UNITY_SPECCUBE_BOX_PROJECTION UNITY_SPECCUBE_BLENDING UNITY_53_SPECIFIC_TARGET_WEBGL SHADER_API_MOBILE SHADER_API_DESKTOP ok=1
Cmd: compileSnippet
  api=5 type=0 insize=1934 outsize=6574 kw=SPOT SHADOWS_DEPTH SHADOWS_NATIVE UNITY_HDR_ON pd=UNITY_NO_DXT5nm UNITY_NO_LINEAR_COLORSPACE UNITY_ENABLE_REFLECTION_BUFFERS UNITY_FRAMEBUFFER_FETCH_AVAILABLE UNITY_PBS_USE_BRDF1 UNITY_SPECCUBE_BOX_PROJECTION UNITY_SPECCUBE_BLENDING UNITY_53_SPECIFIC_TARGET_WEBGL SHADER_API_MOBILE SHADER_API_DESKTOP ok=1
Cmd: compileSnippet
  api=5 type=0 insize=1934 outsize=7091 kw=POINT_COOKIE SHADOWS_CUBE SHADOWS_SOFT UNITY_HDR_ON pd=UNITY_NO_DXT5nm UNITY_NO_LINEAR_COLORSPACE UNITY_ENABLE_REFLECTION_BUFFERS UNITY_FRAMEBUFFER_FETCH_AVAILABLE UNITY_PBS_USE_BRDF1 UNITY_SPECCUBE_BOX_PROJECTION UNITY_SPECCUBE_BLENDING UNITY_53_SPECIFIC_TARGET_WEBGL SHADER_API_MOBILE SHADER_API_DESKTOP ok=1
Cmd: compileSnippet
  api=5 type=1 insize=1934 outsize=0 kw=POINT_COOKIE SHADOWS_OFF pd=UNITY_NO_DXT5nm UNITY_NO_LINEAR_COLORSPACE UNITY_ENABLE_REFLECTION_BUFFERS UNITY_FRAMEBUFFER_FETCH_AVAILABLE UNITY_PBS_USE_BRDF1 UNITY_SPECCUBE_BOX_PROJECTION UNITY_SPECCUBE_BLENDING UNITY_53_SPECIFIC_TARGET_WEBGL SHADER_API_MOBILE SHADER_API_DESKTOP ok=1
Cmd: compileSnippet
  api=5 type=1 insize=1934 outsize=0 kw=SPOT SHADOWS_DEPTH SHADOWS_NATIVE pd=UNITY_NO_DXT5nm UNITY_NO_LINEAR_COLORSPACE UNITY_ENABLE_REFLECTION_BUFFERS UNITY_FRAMEBUFFER_FETCH_AVAILABLE UNITY_PBS_USE_BRDF1 UNITY_SPECCUBE_BOX_PROJECTION UNITY_SPECCUBE_BLENDING UNITY_53_SPECIFIC_TARGET_WEBGL SHADER_API_MOBILE SHADER_API_DESKTOP ok=1
Cmd: compileSnippet
  api=5 type=1 insize=1934 outsize=0 kw=SPOT SHADOWS_DEPTH SHADOWS_SOFT SHADOWS_NATIVE pd=UNITY_NO_DXT5nm UNITY_NO_LINEAR_COLORSPACE UNITY_ENABLE_REFLECTION_BUFFERS UNITY_FRAMEBUFFER_FETCH_AVAILABLE UNITY_PBS_USE_BRDF1 UNITY_SPECCUBE_BOX_PROJECTION UNITY_SPECCUBE_BLENDING UNITY_53_SPECIFIC_TARGET_WEBGL SHADER_API_MOBILE SHADER_API_DESKTOP ok=1
Cmd: compileSnippet
  api=5 type=1 insize=1934 outsize=0 kw=POINT_COOKIE SHADOWS_OFF UNITY_HDR_ON pd=UNITY_NO_DXT5nm UNITY_NO_LINEAR_COLORSPACE UNITY_ENABLE_REFLECTION_BUFFERS UNITY_FRAMEBUFFER_FETCH_AVAILABLE UNITY_PBS_USE_BRDF1 UNITY_SPECCUBE_BOX_PROJECTION UNITY_SPECCUBE_BLENDING UNITY_53_SPECIFIC_TARGET_WEBGL SHADER_API_MOBILE SHADER_API_DESKTOP ok=1
Cmd: compileSnippet
  api=5 type=1 insize=1934 outsize=0 kw=POINT SHADOWS_CUBE UNITY_HDR_ON pd=UNITY_NO_DXT5nm UNITY_NO_LINEAR_COLORSPACE UNITY_ENABLE_REFLECTION_BUFFERS UNITY_FRAMEBUFFER_FETCH_AVAILABLE UNITY_PBS_USE_BRDF1 UNITY_SPECCUBE_BOX_PROJECTION UNITY_SPECCUBE_BLENDING UNITY_53_SPECIFIC_TARGET_WEBGL SHADER_API_MOBILE SHADER_API_DESKTOP ok=1
Cmd: compileSnippet
  api=5 type=0 insize=1420 outsize=1505 kw=UNITY_UI_ALPHACLIP pd=UNITY_NO_DXT5nm UNITY_NO_LINEAR_COLORSPACE UNITY_ENABLE_REFLECTION_BUFFERS UNITY_FRAMEBUFFER_FETCH_AVAILABLE UNITY_PBS_USE_BRDF1 UNITY_SPECCUBE_BOX_PROJECTION UNITY_SPECCUBE_BLENDING UNITY_53_SPECIFIC_TARGET_WEBGL SHADER_API_MOBILE SHADER_API_DESKTOP ok=1
